20:15:34.476 [main] INFO  org.testng.log4testng.Logger.info(Logger.java:112)oggger - [TestNG] Running:
  C:\Users\priya\eclipse-workspace-new\OpenCartV121\src\test\java\grouping.xml

20:15:45.584 [main] INFO  testCases.TC001_AccountRegistrationTest.testAccountRegister(TC001_AccountRegistrationTest.java:24)oggger -  ***** Starting TC001_AccountRegistrationTest *****
20:15:45.809 [main] INFO  testCases.TC001_AccountRegistrationTest.testAccountRegister(TC001_AccountRegistrationTest.java:30)oggger - clicking on account link
20:15:46.793 [main] INFO  testCases.TC001_AccountRegistrationTest.testAccountRegister(TC001_AccountRegistrationTest.java:33)oggger - clicking on register link
20:15:46.821 [main] INFO  testCases.TC001_AccountRegistrationTest.testAccountRegister(TC001_AccountRegistrationTest.java:38)oggger - providing customer details 
20:15:48.440 [main] INFO  testCases.TC001_AccountRegistrationTest.testAccountRegister(TC001_AccountRegistrationTest.java:50)oggger - validating confirmation message 
20:15:48.492 [main] INFO  testCases.TC001_AccountRegistrationTest.testAccountRegister(TC001_AccountRegistrationTest.java:67)oggger -  ***** Finished TC001_AccountRegistrationTest *****
20:15:56.416 [main] INFO  testCases.TC002_LoginTest.testLogin(TC002_LoginTest.java:15)oggger - ***** Starting TC002_LoginTest ***** 
20:15:56.503 [main] INFO  testCases.TC002_LoginTest.testLogin(TC002_LoginTest.java:20)oggger - clicking on link account
20:15:57.026 [main] INFO  testCases.TC002_LoginTest.testLogin(TC002_LoginTest.java:22)oggger - clicking on link login
20:15:57.027 [main] INFO  testCases.TC002_LoginTest.testLogin(TC002_LoginTest.java:24)oggger - Providing user details
20:15:57.389 [main] INFO  testCases.TC002_LoginTest.testLogin(TC002_LoginTest.java:31)oggger - validating message
20:15:58.050 [main] INFO  testCases.TC002_LoginTest.testLogin(TC002_LoginTest.java:40)oggger - ***** Finished TC002_LoginTest ***** 
20:21:23.193 [main] DEBUG org.testng.log4testng.Logger.debug(Logger.java:82)oggger - suiteXmlPath: "C:\Users\priya\eclipse-workspace-new\OpenCartV121\src\test\java\grouping.xml"
20:21:23.454 [main] INFO  org.testng.log4testng.Logger.info(Logger.java:112)oggger - [TestNG] Running:
  C:\Users\priya\eclipse-workspace-new\OpenCartV121\src\test\java\grouping.xml

20:21:35.297 [main] INFO  testCases.TC001_AccountRegistrationTest.testAccountRegister(TC001_AccountRegistrationTest.java:24)oggger -  ***** Starting TC001_AccountRegistrationTest *****
20:21:35.441 [main] INFO  testCases.TC001_AccountRegistrationTest.testAccountRegister(TC001_AccountRegistrationTest.java:30)oggger - clicking on account link
20:21:37.352 [main] INFO  testCases.TC001_AccountRegistrationTest.testAccountRegister(TC001_AccountRegistrationTest.java:33)oggger - clicking on register link
20:21:37.355 [main] INFO  testCases.TC001_AccountRegistrationTest.testAccountRegister(TC001_AccountRegistrationTest.java:38)oggger - providing customer details 
20:21:38.692 [main] INFO  testCases.TC001_AccountRegistrationTest.testAccountRegister(TC001_AccountRegistrationTest.java:50)oggger - validating confirmation message 
20:21:38.767 [main] INFO  testCases.TC001_AccountRegistrationTest.testAccountRegister(TC001_AccountRegistrationTest.java:67)oggger -  ***** Finished TC001_AccountRegistrationTest *****
20:21:47.779 [main] INFO  testCases.TC002_LoginTest.testLogin(TC002_LoginTest.java:15)oggger - ***** Starting TC002_LoginTest ***** 
20:21:47.853 [main] INFO  testCases.TC002_LoginTest.testLogin(TC002_LoginTest.java:20)oggger - clicking on link account
20:21:48.467 [main] INFO  testCases.TC002_LoginTest.testLogin(TC002_LoginTest.java:22)oggger - clicking on link login
20:21:48.469 [main] INFO  testCases.TC002_LoginTest.testLogin(TC002_LoginTest.java:24)oggger - Providing user details
20:21:48.746 [main] INFO  testCases.TC002_LoginTest.testLogin(TC002_LoginTest.java:31)oggger - validating message
20:28:47.202 [main] DEBUG org.testng.log4testng.Logger.debug(Logger.java:82)oggger - suiteXmlPath: "C:\Users\priya\eclipse-workspace-new\OpenCartV121\src\test\java\grouping.xml"
20:28:47.660 [main] INFO  org.testng.log4testng.Logger.info(Logger.java:112)oggger - [TestNG] Running:
  C:\Users\priya\eclipse-workspace-new\OpenCartV121\src\test\java\grouping.xml

20:28:56.256 [main] INFO  testCases.TC001_AccountRegistrationTest.testAccountRegister(TC001_AccountRegistrationTest.java:24)oggger -  ***** Starting TC001_AccountRegistrationTest *****
20:28:56.440 [main] INFO  testCases.TC001_AccountRegistrationTest.testAccountRegister(TC001_AccountRegistrationTest.java:30)oggger - clicking on account link
20:28:57.268 [main] INFO  testCases.TC001_AccountRegistrationTest.testAccountRegister(TC001_AccountRegistrationTest.java:33)oggger - clicking on register link
20:28:57.274 [main] INFO  testCases.TC001_AccountRegistrationTest.testAccountRegister(TC001_AccountRegistrationTest.java:38)oggger - providing customer details 
20:28:58.648 [main] INFO  testCases.TC001_AccountRegistrationTest.testAccountRegister(TC001_AccountRegistrationTest.java:50)oggger - validating confirmation message 
20:28:58.731 [main] INFO  testCases.TC001_AccountRegistrationTest.testAccountRegister(TC001_AccountRegistrationTest.java:67)oggger -  ***** Finished TC001_AccountRegistrationTest *****
20:29:06.405 [main] INFO  testCases.TC002_LoginTest.testLogin(TC002_LoginTest.java:15)oggger - ***** Starting TC002_LoginTest ***** 
20:29:06.502 [main] INFO  testCases.TC002_LoginTest.testLogin(TC002_LoginTest.java:20)oggger - clicking on link account
20:29:07.223 [main] INFO  testCases.TC002_LoginTest.testLogin(TC002_LoginTest.java:22)oggger - clicking on link login
20:29:07.224 [main] INFO  testCases.TC002_LoginTest.testLogin(TC002_LoginTest.java:24)oggger - Providing user details
20:29:07.557 [main] INFO  testCases.TC002_LoginTest.testLogin(TC002_LoginTest.java:31)oggger - validating message
20:34:26.365 [main] DEBUG org.testng.log4testng.Logger.debug(Logger.java:82)oggger - suiteXmlPath: "C:\Users\priya\eclipse-workspace-new\OpenCartV121\src\test\java\grouping.xml"
20:34:26.721 [main] INFO  org.testng.log4testng.Logger.info(Logger.java:112)oggger - [TestNG] Running:
  C:\Users\priya\eclipse-workspace-new\OpenCartV121\src\test\java\grouping.xml

20:34:36.443 [main] INFO  testCases.TC001_AccountRegistrationTest.testAccountRegister(TC001_AccountRegistrationTest.java:24)oggger -  ***** Starting TC001_AccountRegistrationTest *****
20:34:36.583 [main] INFO  testCases.TC001_AccountRegistrationTest.testAccountRegister(TC001_AccountRegistrationTest.java:30)oggger - clicking on account link
20:34:37.475 [main] INFO  testCases.TC001_AccountRegistrationTest.testAccountRegister(TC001_AccountRegistrationTest.java:33)oggger - clicking on register link
20:34:37.480 [main] INFO  testCases.TC001_AccountRegistrationTest.testAccountRegister(TC001_AccountRegistrationTest.java:38)oggger - providing customer details 
20:34:38.847 [main] INFO  testCases.TC001_AccountRegistrationTest.testAccountRegister(TC001_AccountRegistrationTest.java:50)oggger - validating confirmation message 
20:34:38.906 [main] INFO  testCases.TC001_AccountRegistrationTest.testAccountRegister(TC001_AccountRegistrationTest.java:67)oggger -  ***** Finished TC001_AccountRegistrationTest *****
20:34:48.109 [main] INFO  testCases.TC002_LoginTest.testLogin(TC002_LoginTest.java:15)oggger - ***** Starting TC002_LoginTest ***** 
20:34:48.176 [main] INFO  testCases.TC002_LoginTest.testLogin(TC002_LoginTest.java:20)oggger - clicking on link account
20:34:48.622 [main] INFO  testCases.TC002_LoginTest.testLogin(TC002_LoginTest.java:22)oggger - clicking on link login
20:34:48.623 [main] INFO  testCases.TC002_LoginTest.testLogin(TC002_LoginTest.java:24)oggger - Providing user details
20:34:48.959 [main] INFO  testCases.TC002_LoginTest.testLogin(TC002_LoginTest.java:31)oggger - validating message
20:55:34.498 [main] DEBUG org.testng.log4testng.Logger.debug(Logger.java:82)oggger - suiteXmlPath: "C:\Users\priya\eclipse-workspace-new\OpenCartV121\src\test\java\grouping.xml"
20:55:35.040 [main] INFO  org.testng.log4testng.Logger.info(Logger.java:112)oggger - [TestNG] Running:
  C:\Users\priya\eclipse-workspace-new\OpenCartV121\src\test\java\grouping.xml

20:55:44.973 [main] INFO  testCases.TC001_AccountRegistrationTest.testAccountRegister(TC001_AccountRegistrationTest.java:24)oggger -  ***** Starting TC001_AccountRegistrationTest *****
20:55:45.138 [main] INFO  testCases.TC001_AccountRegistrationTest.testAccountRegister(TC001_AccountRegistrationTest.java:30)oggger - clicking on account link
20:55:46.094 [main] INFO  testCases.TC001_AccountRegistrationTest.testAccountRegister(TC001_AccountRegistrationTest.java:33)oggger - clicking on register link
20:55:46.097 [main] INFO  testCases.TC001_AccountRegistrationTest.testAccountRegister(TC001_AccountRegistrationTest.java:38)oggger - providing customer details 
20:55:47.822 [main] INFO  testCases.TC001_AccountRegistrationTest.testAccountRegister(TC001_AccountRegistrationTest.java:50)oggger - validating confirmation message 
20:55:47.872 [main] ERROR testCases.TC001_AccountRegistrationTest.testAccountRegister(TC001_AccountRegistrationTest.java:58)oggger - test failed
20:55:47.873 [main] DEBUG testCases.TC001_AccountRegistrationTest.testAccountRegister(TC001_AccountRegistrationTest.java:59)oggger - debug logs..
20:55:56.415 [main] INFO  testCases.TC002_LoginTest.testLogin(TC002_LoginTest.java:15)oggger - ***** Starting TC002_LoginTest ***** 
20:55:56.511 [main] INFO  testCases.TC002_LoginTest.testLogin(TC002_LoginTest.java:20)oggger - clicking on link account
20:55:57.222 [main] INFO  testCases.TC002_LoginTest.testLogin(TC002_LoginTest.java:22)oggger - clicking on link login
20:55:57.222 [main] INFO  testCases.TC002_LoginTest.testLogin(TC002_LoginTest.java:24)oggger - Providing user details
20:55:58.695 [main] INFO  testCases.TC002_LoginTest.testLogin(TC002_LoginTest.java:31)oggger - validating message
20:55:58.786 [main] INFO  testCases.TC002_LoginTest.testLogin(TC002_LoginTest.java:40)oggger - ***** Finished TC002_LoginTest ***** 
21:11:42.580 [main] DEBUG org.testng.log4testng.Logger.debug(Logger.java:82)oggger - suiteXmlPath: "C:\Users\priya\eclipse-workspace-new\OpenCartV121\src\test\java\grouping.xml"
21:11:42.872 [main] INFO  org.testng.log4testng.Logger.info(Logger.java:112)oggger - [TestNG] Running:
  C:\Users\priya\eclipse-workspace-new\OpenCartV121\src\test\java\grouping.xml

21:11:51.668 [main] INFO  testCases.TC001_AccountRegistrationTest.testAccountRegister(TC001_AccountRegistrationTest.java:24)oggger -  ***** Starting TC001_AccountRegistrationTest *****
21:11:51.803 [main] INFO  testCases.TC001_AccountRegistrationTest.testAccountRegister(TC001_AccountRegistrationTest.java:30)oggger - clicking on account link
21:11:54.162 [main] INFO  testCases.TC001_AccountRegistrationTest.testAccountRegister(TC001_AccountRegistrationTest.java:33)oggger - clicking on register link
21:11:54.168 [main] INFO  testCases.TC001_AccountRegistrationTest.testAccountRegister(TC001_AccountRegistrationTest.java:38)oggger - providing customer details 
21:11:55.738 [main] INFO  testCases.TC001_AccountRegistrationTest.testAccountRegister(TC001_AccountRegistrationTest.java:50)oggger - validating confirmation message 
21:11:55.831 [main] INFO  testCases.TC001_AccountRegistrationTest.testAccountRegister(TC001_AccountRegistrationTest.java:67)oggger -  ***** Finished TC001_AccountRegistrationTest *****
21:12:07.563 [main] INFO  testCases.TC002_LoginTest.testLogin(TC002_LoginTest.java:15)oggger - ***** Starting TC002_LoginTest ***** 
21:12:07.622 [main] INFO  testCases.TC002_LoginTest.testLogin(TC002_LoginTest.java:20)oggger - clicking on link account
21:12:08.340 [main] INFO  testCases.TC002_LoginTest.testLogin(TC002_LoginTest.java:22)oggger - clicking on link login
21:12:08.342 [main] INFO  testCases.TC002_LoginTest.testLogin(TC002_LoginTest.java:24)oggger - Providing user details
21:12:09.574 [main] INFO  testCases.TC002_LoginTest.testLogin(TC002_LoginTest.java:31)oggger - validating message
21:12:09.664 [main] INFO  testCases.TC002_LoginTest.testLogin(TC002_LoginTest.java:40)oggger - ***** Finished TC002_LoginTest ***** 
21:12:38.341 [main] DEBUG org.testng.log4testng.Logger.debug(Logger.java:82)oggger - suiteXmlPath: "C:\Users\priya\eclipse-workspace-new\OpenCartV121\src\test\java\grouping.xml"
21:12:38.604 [main] INFO  org.testng.log4testng.Logger.info(Logger.java:112)oggger - [TestNG] Running:
  C:\Users\priya\eclipse-workspace-new\OpenCartV121\src\test\java\grouping.xml

21:12:47.002 [main] INFO  testCases.TC001_AccountRegistrationTest.testAccountRegister(TC001_AccountRegistrationTest.java:24)oggger -  ***** Starting TC001_AccountRegistrationTest *****
21:12:47.174 [main] INFO  testCases.TC001_AccountRegistrationTest.testAccountRegister(TC001_AccountRegistrationTest.java:30)oggger - clicking on account link
21:12:48.037 [main] INFO  testCases.TC001_AccountRegistrationTest.testAccountRegister(TC001_AccountRegistrationTest.java:33)oggger - clicking on register link
21:12:48.043 [main] INFO  testCases.TC001_AccountRegistrationTest.testAccountRegister(TC001_AccountRegistrationTest.java:38)oggger - providing customer details 
21:12:49.539 [main] INFO  testCases.TC001_AccountRegistrationTest.testAccountRegister(TC001_AccountRegistrationTest.java:50)oggger - validating confirmation message 
21:12:49.593 [main] INFO  testCases.TC001_AccountRegistrationTest.testAccountRegister(TC001_AccountRegistrationTest.java:67)oggger -  ***** Finished TC001_AccountRegistrationTest *****
21:13:01.907 [main] INFO  testCases.TC002_LoginTest.testLogin(TC002_LoginTest.java:15)oggger - ***** Starting TC002_LoginTest ***** 
21:13:01.973 [main] INFO  testCases.TC002_LoginTest.testLogin(TC002_LoginTest.java:20)oggger - clicking on link account
21:13:02.397 [main] INFO  testCases.TC002_LoginTest.testLogin(TC002_LoginTest.java:22)oggger - clicking on link login
21:13:02.399 [main] INFO  testCases.TC002_LoginTest.testLogin(TC002_LoginTest.java:24)oggger - Providing user details
21:13:02.704 [main] INFO  testCases.TC002_LoginTest.testLogin(TC002_LoginTest.java:31)oggger - validating message
16:13:31.689 [main] DEBUG org.testng.log4testng.Logger.debug(Logger.java:82)oggger - suiteXmlPath: "C:\Users\priya\eclipse-workspace-new\OpenCartV121\master.xml"
16:14:32.778 [main] DEBUG org.testng.log4testng.Logger.debug(Logger.java:82)oggger - suiteXmlPath: "C:\Users\priya\eclipse-workspace-new\OpenCartV121\master.xml"
16:14:33.053 [main] INFO  org.testng.log4testng.Logger.info(Logger.java:112)oggger - [TestNG] Running:
  C:\Users\priya\eclipse-workspace-new\OpenCartV121\master.xml

16:14:33.517 [main] DEBUG org.apache.poi.openxml4j.opc.PackageRelationshipCollection.parseRelationshipsPart(PackageRelationshipCollection.java:307)oggger - Parsing relationship: /xl/_rels/workbook.xml.rels
16:14:33.520 [main] DEBUG org.apache.poi.openxml4j.opc.PackageRelationshipCollection.parseRelationshipsPart(PackageRelationshipCollection.java:307)oggger - Parsing relationship: /xl/worksheets/_rels/sheet1.xml.rels
16:14:33.522 [main] DEBUG org.apache.poi.openxml4j.opc.PackageRelationshipCollection.parseRelationshipsPart(PackageRelationshipCollection.java:307)oggger - Parsing relationship: /_rels/.rels
16:14:33.974 [main] DEBUG org.apache.poi.openxml4j.opc.PackageRelationshipCollection.parseRelationshipsPart(PackageRelationshipCollection.java:307)oggger - Parsing relationship: /xl/_rels/workbook.xml.rels
16:14:33.975 [main] DEBUG org.apache.poi.openxml4j.opc.PackageRelationshipCollection.parseRelationshipsPart(PackageRelationshipCollection.java:307)oggger - Parsing relationship: /xl/worksheets/_rels/sheet1.xml.rels
16:14:33.976 [main] DEBUG org.apache.poi.openxml4j.opc.PackageRelationshipCollection.parseRelationshipsPart(PackageRelationshipCollection.java:307)oggger - Parsing relationship: /_rels/.rels
16:14:34.009 [main] DEBUG org.apache.poi.openxml4j.opc.PackageRelationshipCollection.parseRelationshipsPart(PackageRelationshipCollection.java:307)oggger - Parsing relationship: /xl/_rels/workbook.xml.rels
16:14:34.010 [main] DEBUG org.apache.poi.openxml4j.opc.PackageRelationshipCollection.parseRelationshipsPart(PackageRelationshipCollection.java:307)oggger - Parsing relationship: /xl/worksheets/_rels/sheet1.xml.rels
16:14:34.011 [main] DEBUG org.apache.poi.openxml4j.opc.PackageRelationshipCollection.parseRelationshipsPart(PackageRelationshipCollection.java:307)oggger - Parsing relationship: /_rels/.rels
16:14:34.058 [main] DEBUG org.apache.poi.openxml4j.opc.PackageRelationshipCollection.parseRelationshipsPart(PackageRelationshipCollection.java:307)oggger - Parsing relationship: /xl/_rels/workbook.xml.rels
16:14:34.059 [main] DEBUG org.apache.poi.openxml4j.opc.PackageRelationshipCollection.parseRelationshipsPart(PackageRelationshipCollection.java:307)oggger - Parsing relationship: /xl/worksheets/_rels/sheet1.xml.rels
16:14:34.060 [main] DEBUG org.apache.poi.openxml4j.opc.PackageRelationshipCollection.parseRelationshipsPart(PackageRelationshipCollection.java:307)oggger - Parsing relationship: /_rels/.rels
16:14:34.080 [main] DEBUG org.apache.poi.openxml4j.opc.PackageRelationshipCollection.parseRelationshipsPart(PackageRelationshipCollection.java:307)oggger - Parsing relationship: /xl/_rels/workbook.xml.rels
16:14:34.081 [main] DEBUG org.apache.poi.openxml4j.opc.PackageRelationshipCollection.parseRelationshipsPart(PackageRelationshipCollection.java:307)oggger - Parsing relationship: /xl/worksheets/_rels/sheet1.xml.rels
16:14:34.082 [main] DEBUG org.apache.poi.openxml4j.opc.PackageRelationshipCollection.parseRelationshipsPart(PackageRelationshipCollection.java:307)oggger - Parsing relationship: /_rels/.rels
16:14:34.101 [main] DEBUG org.apache.poi.openxml4j.opc.PackageRelationshipCollection.parseRelationshipsPart(PackageRelationshipCollection.java:307)oggger - Parsing relationship: /xl/_rels/workbook.xml.rels
16:14:34.102 [main] DEBUG org.apache.poi.openxml4j.opc.PackageRelationshipCollection.parseRelationshipsPart(PackageRelationshipCollection.java:307)oggger - Parsing relationship: /xl/worksheets/_rels/sheet1.xml.rels
16:14:34.103 [main] DEBUG org.apache.poi.openxml4j.opc.PackageRelationshipCollection.parseRelationshipsPart(PackageRelationshipCollection.java:307)oggger - Parsing relationship: /_rels/.rels
16:14:34.120 [main] DEBUG org.apache.poi.openxml4j.opc.PackageRelationshipCollection.parseRelationshipsPart(PackageRelationshipCollection.java:307)oggger - Parsing relationship: /xl/_rels/workbook.xml.rels
16:14:34.121 [main] DEBUG org.apache.poi.openxml4j.opc.PackageRelationshipCollection.parseRelationshipsPart(PackageRelationshipCollection.java:307)oggger - Parsing relationship: /xl/worksheets/_rels/sheet1.xml.rels
16:14:34.121 [main] DEBUG org.apache.poi.openxml4j.opc.PackageRelationshipCollection.parseRelationshipsPart(PackageRelationshipCollection.java:307)oggger - Parsing relationship: /_rels/.rels
16:14:34.141 [main] DEBUG org.apache.poi.openxml4j.opc.PackageRelationshipCollection.parseRelationshipsPart(PackageRelationshipCollection.java:307)oggger - Parsing relationship: /xl/_rels/workbook.xml.rels
16:14:34.143 [main] DEBUG org.apache.poi.openxml4j.opc.PackageRelationshipCollection.parseRelationshipsPart(PackageRelationshipCollection.java:307)oggger - Parsing relationship: /xl/worksheets/_rels/sheet1.xml.rels
16:14:34.143 [main] DEBUG org.apache.poi.openxml4j.opc.PackageRelationshipCollection.parseRelationshipsPart(PackageRelationshipCollection.java:307)oggger - Parsing relationship: /_rels/.rels
16:14:34.169 [main] DEBUG org.apache.poi.openxml4j.opc.PackageRelationshipCollection.parseRelationshipsPart(PackageRelationshipCollection.java:307)oggger - Parsing relationship: /xl/_rels/workbook.xml.rels
16:14:34.170 [main] DEBUG org.apache.poi.openxml4j.opc.PackageRelationshipCollection.parseRelationshipsPart(PackageRelationshipCollection.java:307)oggger - Parsing relationship: /xl/worksheets/_rels/sheet1.xml.rels
16:14:34.171 [main] DEBUG org.apache.poi.openxml4j.opc.PackageRelationshipCollection.parseRelationshipsPart(PackageRelationshipCollection.java:307)oggger - Parsing relationship: /_rels/.rels
16:14:34.184 [main] DEBUG org.apache.poi.openxml4j.opc.PackageRelationshipCollection.parseRelationshipsPart(PackageRelationshipCollection.java:307)oggger - Parsing relationship: /xl/_rels/workbook.xml.rels
16:14:34.185 [main] DEBUG org.apache.poi.openxml4j.opc.PackageRelationshipCollection.parseRelationshipsPart(PackageRelationshipCollection.java:307)oggger - Parsing relationship: /xl/worksheets/_rels/sheet1.xml.rels
16:14:34.186 [main] DEBUG org.apache.poi.openxml4j.opc.PackageRelationshipCollection.parseRelationshipsPart(PackageRelationshipCollection.java:307)oggger - Parsing relationship: /_rels/.rels
16:14:34.203 [main] DEBUG org.apache.poi.openxml4j.opc.PackageRelationshipCollection.parseRelationshipsPart(PackageRelationshipCollection.java:307)oggger - Parsing relationship: /xl/_rels/workbook.xml.rels
16:14:34.204 [main] DEBUG org.apache.poi.openxml4j.opc.PackageRelationshipCollection.parseRelationshipsPart(PackageRelationshipCollection.java:307)oggger - Parsing relationship: /xl/worksheets/_rels/sheet1.xml.rels
16:14:34.204 [main] DEBUG org.apache.poi.openxml4j.opc.PackageRelationshipCollection.parseRelationshipsPart(PackageRelationshipCollection.java:307)oggger - Parsing relationship: /_rels/.rels
16:14:34.221 [main] DEBUG org.apache.poi.openxml4j.opc.PackageRelationshipCollection.parseRelationshipsPart(PackageRelationshipCollection.java:307)oggger - Parsing relationship: /xl/_rels/workbook.xml.rels
16:14:34.222 [main] DEBUG org.apache.poi.openxml4j.opc.PackageRelationshipCollection.parseRelationshipsPart(PackageRelationshipCollection.java:307)oggger - Parsing relationship: /xl/worksheets/_rels/sheet1.xml.rels
16:14:34.223 [main] DEBUG org.apache.poi.openxml4j.opc.PackageRelationshipCollection.parseRelationshipsPart(PackageRelationshipCollection.java:307)oggger - Parsing relationship: /_rels/.rels
16:14:34.238 [main] DEBUG org.apache.poi.openxml4j.opc.PackageRelationshipCollection.parseRelationshipsPart(PackageRelationshipCollection.java:307)oggger - Parsing relationship: /xl/_rels/workbook.xml.rels
16:14:34.239 [main] DEBUG org.apache.poi.openxml4j.opc.PackageRelationshipCollection.parseRelationshipsPart(PackageRelationshipCollection.java:307)oggger - Parsing relationship: /xl/worksheets/_rels/sheet1.xml.rels
16:14:34.240 [main] DEBUG org.apache.poi.openxml4j.opc.PackageRelationshipCollection.parseRelationshipsPart(PackageRelationshipCollection.java:307)oggger - Parsing relationship: /_rels/.rels
16:14:34.253 [main] DEBUG org.apache.poi.openxml4j.opc.PackageRelationshipCollection.parseRelationshipsPart(PackageRelationshipCollection.java:307)oggger - Parsing relationship: /xl/_rels/workbook.xml.rels
16:14:34.254 [main] DEBUG org.apache.poi.openxml4j.opc.PackageRelationshipCollection.parseRelationshipsPart(PackageRelationshipCollection.java:307)oggger - Parsing relationship: /xl/worksheets/_rels/sheet1.xml.rels
16:14:34.254 [main] DEBUG org.apache.poi.openxml4j.opc.PackageRelationshipCollection.parseRelationshipsPart(PackageRelationshipCollection.java:307)oggger - Parsing relationship: /_rels/.rels
16:14:34.270 [main] DEBUG org.apache.poi.openxml4j.opc.PackageRelationshipCollection.parseRelationshipsPart(PackageRelationshipCollection.java:307)oggger - Parsing relationship: /xl/_rels/workbook.xml.rels
16:14:34.270 [main] DEBUG org.apache.poi.openxml4j.opc.PackageRelationshipCollection.parseRelationshipsPart(PackageRelationshipCollection.java:307)oggger - Parsing relationship: /xl/worksheets/_rels/sheet1.xml.rels
16:14:34.272 [main] DEBUG org.apache.poi.openxml4j.opc.PackageRelationshipCollection.parseRelationshipsPart(PackageRelationshipCollection.java:307)oggger - Parsing relationship: /_rels/.rels
16:14:34.287 [main] DEBUG org.apache.poi.openxml4j.opc.PackageRelationshipCollection.parseRelationshipsPart(PackageRelationshipCollection.java:307)oggger - Parsing relationship: /xl/_rels/workbook.xml.rels
16:14:34.288 [main] DEBUG org.apache.poi.openxml4j.opc.PackageRelationshipCollection.parseRelationshipsPart(PackageRelationshipCollection.java:307)oggger - Parsing relationship: /xl/worksheets/_rels/sheet1.xml.rels
16:14:34.289 [main] DEBUG org.apache.poi.openxml4j.opc.PackageRelationshipCollection.parseRelationshipsPart(PackageRelationshipCollection.java:307)oggger - Parsing relationship: /_rels/.rels
16:14:34.306 [main] DEBUG org.apache.poi.openxml4j.opc.PackageRelationshipCollection.parseRelationshipsPart(PackageRelationshipCollection.java:307)oggger - Parsing relationship: /xl/_rels/workbook.xml.rels
16:14:34.306 [main] DEBUG org.apache.poi.openxml4j.opc.PackageRelationshipCollection.parseRelationshipsPart(PackageRelationshipCollection.java:307)oggger - Parsing relationship: /xl/worksheets/_rels/sheet1.xml.rels
16:14:34.307 [main] DEBUG org.apache.poi.openxml4j.opc.PackageRelationshipCollection.parseRelationshipsPart(PackageRelationshipCollection.java:307)oggger - Parsing relationship: /_rels/.rels
16:15:25.327 [main] DEBUG org.testng.log4testng.Logger.debug(Logger.java:82)oggger - suiteXmlPath: "C:\Users\priya\eclipse-workspace-new\OpenCartV121\master.xml"
16:15:25.587 [main] INFO  org.testng.log4testng.Logger.info(Logger.java:112)oggger - [TestNG] Running:
  C:\Users\priya\eclipse-workspace-new\OpenCartV121\master.xml

16:18:46.690 [main] DEBUG org.testng.log4testng.Logger.debug(Logger.java:82)oggger - suiteXmlPath: "C:\Users\priya\eclipse-workspace-new\OpenCartV121\master.xml"
16:18:46.932 [main] INFO  org.testng.log4testng.Logger.info(Logger.java:112)oggger - [TestNG] Running:
  C:\Users\priya\eclipse-workspace-new\OpenCartV121\master.xml

16:21:33.646 [main] DEBUG org.testng.log4testng.Logger.debug(Logger.java:82)oggger - suiteXmlPath: "C:\Users\priya\eclipse-workspace-new\OpenCartV121\master.xml"
16:21:33.912 [main] INFO  org.testng.log4testng.Logger.info(Logger.java:112)oggger - [TestNG] Running:
  C:\Users\priya\eclipse-workspace-new\OpenCartV121\master.xml

16:21:44.811 [main] INFO  testCases.TC001_AccountRegistrationTest.testAccountRegister(TC001_AccountRegistrationTest.java:24)oggger -  ***** Starting TC001_AccountRegistrationTest *****
16:21:44.962 [main] INFO  testCases.TC001_AccountRegistrationTest.testAccountRegister(TC001_AccountRegistrationTest.java:30)oggger - clicking on account link
16:21:45.649 [main] INFO  testCases.TC001_AccountRegistrationTest.testAccountRegister(TC001_AccountRegistrationTest.java:33)oggger - clicking on register link
16:21:45.652 [main] INFO  testCases.TC001_AccountRegistrationTest.testAccountRegister(TC001_AccountRegistrationTest.java:38)oggger - providing customer details 
16:21:47.229 [main] INFO  testCases.TC001_AccountRegistrationTest.testAccountRegister(TC001_AccountRegistrationTest.java:50)oggger - validating confirmation message 
16:21:47.289 [main] INFO  testCases.TC001_AccountRegistrationTest.testAccountRegister(TC001_AccountRegistrationTest.java:67)oggger -  ***** Finished TC001_AccountRegistrationTest *****
16:21:55.652 [main] INFO  testCases.TC002_LoginTest.testLogin(TC002_LoginTest.java:15)oggger - ***** Starting TC002_LoginTest ***** 
16:21:55.743 [main] INFO  testCases.TC002_LoginTest.testLogin(TC002_LoginTest.java:20)oggger - clicking on link account
16:21:56.236 [main] INFO  testCases.TC002_LoginTest.testLogin(TC002_LoginTest.java:22)oggger - clicking on link login
16:21:56.237 [main] INFO  testCases.TC002_LoginTest.testLogin(TC002_LoginTest.java:24)oggger - Providing user details
16:21:56.551 [main] INFO  testCases.TC002_LoginTest.testLogin(TC002_LoginTest.java:31)oggger - validating message
16:24:40.679 [main] DEBUG org.testng.log4testng.Logger.debug(Logger.java:82)oggger - suiteXmlPath: "C:\Users\priya\eclipse-workspace-new\OpenCartV121\master.xml"
16:24:40.933 [main] INFO  org.testng.log4testng.Logger.info(Logger.java:112)oggger - [TestNG] Running:
  C:\Users\priya\eclipse-workspace-new\OpenCartV121\master.xml

16:26:01.552 [main] DEBUG org.testng.log4testng.Logger.debug(Logger.java:82)oggger - suiteXmlPath: "C:\Users\priya\eclipse-workspace-new\OpenCartV121\master.xml"
16:26:01.791 [main] INFO  org.testng.log4testng.Logger.info(Logger.java:112)oggger - [TestNG] Running:
  C:\Users\priya\eclipse-workspace-new\OpenCartV121\master.xml

16:29:28.179 [main] DEBUG org.testng.log4testng.Logger.debug(Logger.java:82)oggger - suiteXmlPath: "C:\Users\priya\eclipse-workspace-new\OpenCartV121\master.xml"
16:29:28.441 [main] INFO  org.testng.log4testng.Logger.info(Logger.java:112)oggger - [TestNG] Running:
  C:\Users\priya\eclipse-workspace-new\OpenCartV121\master.xml

16:31:10.567 [main] DEBUG org.testng.log4testng.Logger.debug(Logger.java:82)oggger - suiteXmlPath: "C:\Users\priya\eclipse-workspace-new\OpenCartV121\master.xml"
16:31:10.802 [main] INFO  org.testng.log4testng.Logger.info(Logger.java:112)oggger - [TestNG] Running:
  C:\Users\priya\eclipse-workspace-new\OpenCartV121\master.xml

16:32:51.242 [main] DEBUG org.testng.log4testng.Logger.debug(Logger.java:82)oggger - suiteXmlPath: "C:\Users\priya\eclipse-workspace-new\OpenCartV121\master.xml"
16:32:51.536 [main] INFO  org.testng.log4testng.Logger.info(Logger.java:112)oggger - [TestNG] Running:
  C:\Users\priya\eclipse-workspace-new\OpenCartV121\master.xml

16:33:30.229 [main] DEBUG org.testng.log4testng.Logger.debug(Logger.java:82)oggger - suiteXmlPath: "C:\Users\priya\eclipse-workspace-new\OpenCartV121\master.xml"
16:33:30.457 [main] INFO  org.testng.log4testng.Logger.info(Logger.java:112)oggger - [TestNG] Running:
  C:\Users\priya\eclipse-workspace-new\OpenCartV121\master.xml

16:35:09.271 [main] INFO  testCases.TC001_AccountRegistrationTest.testAccountRegister(TC001_AccountRegistrationTest.java:24)oggger -  ***** Starting TC001_AccountRegistrationTest *****
16:35:09.422 [main] INFO  testCases.TC001_AccountRegistrationTest.testAccountRegister(TC001_AccountRegistrationTest.java:30)oggger - clicking on account link
16:35:10.036 [main] INFO  testCases.TC001_AccountRegistrationTest.testAccountRegister(TC001_AccountRegistrationTest.java:24)oggger -  ***** Starting TC001_AccountRegistrationTest *****
16:35:10.534 [main] INFO  testCases.TC001_AccountRegistrationTest.testAccountRegister(TC001_AccountRegistrationTest.java:30)oggger - clicking on account link
16:35:10.542 [main] INFO  testCases.TC001_AccountRegistrationTest.testAccountRegister(TC001_AccountRegistrationTest.java:33)oggger - clicking on register link
16:35:10.553 [main] INFO  testCases.TC001_AccountRegistrationTest.testAccountRegister(TC001_AccountRegistrationTest.java:38)oggger - providing customer details 
16:35:11.144 [main] INFO  testCases.TC001_AccountRegistrationTest.testAccountRegister(TC001_AccountRegistrationTest.java:33)oggger - clicking on register link
16:35:11.153 [main] INFO  testCases.TC001_AccountRegistrationTest.testAccountRegister(TC001_AccountRegistrationTest.java:38)oggger - providing customer details 
16:35:12.544 [main] INFO  testCases.TC001_AccountRegistrationTest.testAccountRegister(TC001_AccountRegistrationTest.java:50)oggger - validating confirmation message 
16:35:12.769 [main] INFO  testCases.TC001_AccountRegistrationTest.testAccountRegister(TC001_AccountRegistrationTest.java:50)oggger - validating confirmation message 
16:35:14.244 [main] INFO  testCases.TC001_AccountRegistrationTest.testAccountRegister(TC001_AccountRegistrationTest.java:67)oggger -  ***** Finished TC001_AccountRegistrationTest *****
16:35:14.273 [main] INFO  testCases.TC001_AccountRegistrationTest.testAccountRegister(TC001_AccountRegistrationTest.java:67)oggger -  ***** Finished TC001_AccountRegistrationTest *****
16:35:23.925 [main] INFO  testCases.TC002_LoginTest.testLogin(TC002_LoginTest.java:15)oggger - ***** Starting TC002_LoginTest ***** 
16:35:24.084 [main] INFO  testCases.TC002_LoginTest.testLogin(TC002_LoginTest.java:20)oggger - clicking on link account
16:35:24.578 [main] INFO  testCases.TC002_LoginTest.testLogin(TC002_LoginTest.java:22)oggger - clicking on link login
16:35:24.582 [main] INFO  testCases.TC002_LoginTest.testLogin(TC002_LoginTest.java:24)oggger - Providing user details
16:35:25.827 [main] INFO  testCases.TC002_LoginTest.testLogin(TC002_LoginTest.java:31)oggger - validating message
16:35:25.939 [main] INFO  testCases.TC002_LoginTest.testLogin(TC002_LoginTest.java:40)oggger - ***** Finished TC002_LoginTest ***** 
16:35:26.949 [main] INFO  testCases.TC002_LoginTest.testLogin(TC002_LoginTest.java:15)oggger - ***** Starting TC002_LoginTest ***** 
16:35:27.205 [main] INFO  testCases.TC002_LoginTest.testLogin(TC002_LoginTest.java:20)oggger - clicking on link account
16:35:28.038 [main] INFO  testCases.TC002_LoginTest.testLogin(TC002_LoginTest.java:22)oggger - clicking on link login
16:35:28.038 [main] INFO  testCases.TC002_LoginTest.testLogin(TC002_LoginTest.java:24)oggger - Providing user details
16:35:28.578 [main] INFO  testCases.TC002_LoginTest.testLogin(TC002_LoginTest.java:31)oggger - validating message
16:35:30.200 [main] INFO  testCases.TC002_LoginTest.testLogin(TC002_LoginTest.java:40)oggger - ***** Finished TC002_LoginTest ***** 
16:38:21.287 [main] DEBUG org.testng.log4testng.Logger.debug(Logger.java:82)oggger - suiteXmlPath: "C:\Users\priya\eclipse-workspace-new\OpenCartV121\src\test\java\grouping.xml"
16:38:21.660 [main] INFO  org.testng.log4testng.Logger.info(Logger.java:112)oggger - [TestNG] Running:
  C:\Users\priya\eclipse-workspace-new\OpenCartV121\src\test\java\grouping.xml

16:38:29.467 [main] INFO  testCases.TC001_AccountRegistrationTest.testAccountRegister(TC001_AccountRegistrationTest.java:24)oggger -  ***** Starting TC001_AccountRegistrationTest *****
16:38:29.580 [main] INFO  testCases.TC001_AccountRegistrationTest.testAccountRegister(TC001_AccountRegistrationTest.java:30)oggger - clicking on account link
16:38:30.338 [main] INFO  testCases.TC001_AccountRegistrationTest.testAccountRegister(TC001_AccountRegistrationTest.java:33)oggger - clicking on register link
16:38:30.339 [main] INFO  testCases.TC001_AccountRegistrationTest.testAccountRegister(TC001_AccountRegistrationTest.java:38)oggger - providing customer details 
16:38:31.915 [main] INFO  testCases.TC001_AccountRegistrationTest.testAccountRegister(TC001_AccountRegistrationTest.java:50)oggger - validating confirmation message 
16:38:31.982 [main] INFO  testCases.TC001_AccountRegistrationTest.testAccountRegister(TC001_AccountRegistrationTest.java:67)oggger -  ***** Finished TC001_AccountRegistrationTest *****
16:38:40.003 [main] INFO  testCases.TC002_LoginTest.testLogin(TC002_LoginTest.java:15)oggger - ***** Starting TC002_LoginTest ***** 
16:38:40.107 [main] INFO  testCases.TC002_LoginTest.testLogin(TC002_LoginTest.java:20)oggger - clicking on link account
16:38:40.453 [main] INFO  testCases.TC002_LoginTest.testLogin(TC002_LoginTest.java:22)oggger - clicking on link login
16:38:40.454 [main] INFO  testCases.TC002_LoginTest.testLogin(TC002_LoginTest.java:24)oggger - Providing user details
16:38:40.763 [main] INFO  testCases.TC002_LoginTest.testLogin(TC002_LoginTest.java:31)oggger - validating message
16:38:41.496 [main] INFO  testCases.TC002_LoginTest.testLogin(TC002_LoginTest.java:40)oggger - ***** Finished TC002_LoginTest ***** 
16:38:51.151 [main] INFO  testCases.TC001_AccountRegistrationTest.testAccountRegister(TC001_AccountRegistrationTest.java:24)oggger -  ***** Starting TC001_AccountRegistrationTest *****
16:38:51.266 [main] INFO  testCases.TC001_AccountRegistrationTest.testAccountRegister(TC001_AccountRegistrationTest.java:30)oggger - clicking on account link
16:38:51.989 [main] INFO  testCases.TC001_AccountRegistrationTest.testAccountRegister(TC001_AccountRegistrationTest.java:33)oggger - clicking on register link
16:38:51.990 [main] INFO  testCases.TC001_AccountRegistrationTest.testAccountRegister(TC001_AccountRegistrationTest.java:38)oggger - providing customer details 
16:38:53.484 [main] INFO  testCases.TC001_AccountRegistrationTest.testAccountRegister(TC001_AccountRegistrationTest.java:50)oggger - validating confirmation message 
16:38:53.526 [main] INFO  testCases.TC001_AccountRegistrationTest.testAccountRegister(TC001_AccountRegistrationTest.java:67)oggger -  ***** Finished TC001_AccountRegistrationTest *****
16:39:01.155 [main] INFO  testCases.TC002_LoginTest.testLogin(TC002_LoginTest.java:15)oggger - ***** Starting TC002_LoginTest ***** 
16:39:01.266 [main] INFO  testCases.TC002_LoginTest.testLogin(TC002_LoginTest.java:20)oggger - clicking on link account
16:39:01.884 [main] INFO  testCases.TC002_LoginTest.testLogin(TC002_LoginTest.java:22)oggger - clicking on link login
16:39:01.884 [main] INFO  testCases.TC002_LoginTest.testLogin(TC002_LoginTest.java:24)oggger - Providing user details
16:39:02.147 [main] INFO  testCases.TC002_LoginTest.testLogin(TC002_LoginTest.java:31)oggger - validating message
16:39:05.406 [main] INFO  testCases.TC002_LoginTest.testLogin(TC002_LoginTest.java:40)oggger - ***** Finished TC002_LoginTest ***** 
16:41:37.704 [main] DEBUG org.testng.log4testng.Logger.debug(Logger.java:82)oggger - suiteXmlPath: "C:\Users\priya\eclipse-workspace-new\OpenCartV121\src\test\java\grouping.xml"
16:41:38.010 [main] INFO  org.testng.log4testng.Logger.info(Logger.java:112)oggger - [TestNG] Running:
  C:\Users\priya\eclipse-workspace-new\OpenCartV121\src\test\java\grouping.xml

16:41:46.488 [main] INFO  testCases.TC001_AccountRegistrationTest.testAccountRegister(TC001_AccountRegistrationTest.java:24)oggger -  ***** Starting TC001_AccountRegistrationTest *****
16:41:46.577 [main] INFO  testCases.TC001_AccountRegistrationTest.testAccountRegister(TC001_AccountRegistrationTest.java:30)oggger - clicking on account link
16:41:47.254 [main] INFO  testCases.TC001_AccountRegistrationTest.testAccountRegister(TC001_AccountRegistrationTest.java:33)oggger - clicking on register link
16:41:47.257 [main] INFO  testCases.TC001_AccountRegistrationTest.testAccountRegister(TC001_AccountRegistrationTest.java:38)oggger - providing customer details 
16:41:48.717 [main] INFO  testCases.TC001_AccountRegistrationTest.testAccountRegister(TC001_AccountRegistrationTest.java:50)oggger - validating confirmation message 
16:41:48.763 [main] INFO  testCases.TC001_AccountRegistrationTest.testAccountRegister(TC001_AccountRegistrationTest.java:67)oggger -  ***** Finished TC001_AccountRegistrationTest *****
16:41:57.412 [main] INFO  testCases.TC002_LoginTest.testLogin(TC002_LoginTest.java:15)oggger - ***** Starting TC002_LoginTest ***** 
16:41:57.548 [main] INFO  testCases.TC002_LoginTest.testLogin(TC002_LoginTest.java:20)oggger - clicking on link account
16:41:58.010 [main] INFO  testCases.TC002_LoginTest.testLogin(TC002_LoginTest.java:22)oggger - clicking on link login
16:41:58.010 [main] INFO  testCases.TC002_LoginTest.testLogin(TC002_LoginTest.java:24)oggger - Providing user details
16:41:58.321 [main] INFO  testCases.TC002_LoginTest.testLogin(TC002_LoginTest.java:31)oggger - validating message
16:41:59.113 [main] INFO  testCases.TC002_LoginTest.testLogin(TC002_LoginTest.java:40)oggger - ***** Finished TC002_LoginTest ***** 
16:42:13.126 [main] INFO  testCases.TC001_AccountRegistrationTest.testAccountRegister(TC001_AccountRegistrationTest.java:24)oggger -  ***** Starting TC001_AccountRegistrationTest *****
16:42:13.264 [main] INFO  testCases.TC001_AccountRegistrationTest.testAccountRegister(TC001_AccountRegistrationTest.java:30)oggger - clicking on account link
16:42:13.846 [main] INFO  testCases.TC001_AccountRegistrationTest.testAccountRegister(TC001_AccountRegistrationTest.java:33)oggger - clicking on register link
16:42:13.846 [main] INFO  testCases.TC001_AccountRegistrationTest.testAccountRegister(TC001_AccountRegistrationTest.java:38)oggger - providing customer details 
16:42:15.244 [main] INFO  testCases.TC001_AccountRegistrationTest.testAccountRegister(TC001_AccountRegistrationTest.java:50)oggger - validating confirmation message 
16:42:15.282 [main] INFO  testCases.TC001_AccountRegistrationTest.testAccountRegister(TC001_AccountRegistrationTest.java:67)oggger -  ***** Finished TC001_AccountRegistrationTest *****
16:42:28.395 [main] INFO  testCases.TC002_LoginTest.testLogin(TC002_LoginTest.java:15)oggger - ***** Starting TC002_LoginTest ***** 
16:42:28.516 [main] INFO  testCases.TC002_LoginTest.testLogin(TC002_LoginTest.java:20)oggger - clicking on link account
16:42:28.827 [main] INFO  testCases.TC002_LoginTest.testLogin(TC002_LoginTest.java:22)oggger - clicking on link login
16:42:28.828 [main] INFO  testCases.TC002_LoginTest.testLogin(TC002_LoginTest.java:24)oggger - Providing user details
16:42:29.113 [main] INFO  testCases.TC002_LoginTest.testLogin(TC002_LoginTest.java:31)oggger - validating message
16:42:30.088 [main] INFO  testCases.TC002_LoginTest.testLogin(TC002_LoginTest.java:40)oggger - ***** Finished TC002_LoginTest ***** 
19:15:36.757 [main] DEBUG org.testng.log4testng.Logger.debug(Logger.java:82)oggger - suiteXmlPath: "C:\Users\priya\eclipse-workspace-new\OpenCartV121\grid-docker.xml"
19:15:37.258 [main] INFO  org.testng.log4testng.Logger.info(Logger.java:112)oggger - [TestNG] Running:
  C:\Users\priya\eclipse-workspace-new\OpenCartV121\grid-docker.xml

19:16:57.374 [main] DEBUG org.testng.log4testng.Logger.debug(Logger.java:82)oggger - suiteXmlPath: "C:\Users\priya\eclipse-workspace-new\OpenCartV121\grid-docker.xml"
19:16:57.695 [main] INFO  org.testng.log4testng.Logger.info(Logger.java:112)oggger - [TestNG] Running:
  C:\Users\priya\eclipse-workspace-new\OpenCartV121\grid-docker.xml

19:26:21.840 [main] DEBUG org.testng.log4testng.Logger.debug(Logger.java:82)oggger - suiteXmlPath: "C:\Users\priya\eclipse-workspace-new\OpenCartV121\grid-docker.xml"
19:26:22.154 [main] INFO  org.testng.log4testng.Logger.info(Logger.java:112)oggger - [TestNG] Running:
  C:\Users\priya\eclipse-workspace-new\OpenCartV121\grid-docker.xml

19:29:53.943 [main] DEBUG org.testng.log4testng.Logger.debug(Logger.java:82)oggger - suiteXmlPath: "C:\Users\priya\eclipse-workspace-new\OpenCartV121\grid-docker.xml"
19:29:54.229 [main] INFO  org.testng.log4testng.Logger.info(Logger.java:112)oggger - [TestNG] Running:
  C:\Users\priya\eclipse-workspace-new\OpenCartV121\grid-docker.xml

19:30:09.640 [main] INFO  testCases.TC001_AccountRegistrationTest.testAccountRegister(TC001_AccountRegistrationTest.java:24)oggger -  ***** Starting TC001_AccountRegistrationTest *****
19:30:09.809 [main] INFO  testCases.TC001_AccountRegistrationTest.testAccountRegister(TC001_AccountRegistrationTest.java:30)oggger - clicking on account link
19:30:11.850 [main] INFO  testCases.TC001_AccountRegistrationTest.testAccountRegister(TC001_AccountRegistrationTest.java:33)oggger - clicking on register link
19:30:11.853 [main] INFO  testCases.TC001_AccountRegistrationTest.testAccountRegister(TC001_AccountRegistrationTest.java:38)oggger - providing customer details 
19:30:14.652 [main] INFO  testCases.TC001_AccountRegistrationTest.testAccountRegister(TC001_AccountRegistrationTest.java:50)oggger - validating confirmation message 
19:30:14.747 [main] INFO  testCases.TC001_AccountRegistrationTest.testAccountRegister(TC001_AccountRegistrationTest.java:67)oggger -  ***** Finished TC001_AccountRegistrationTest *****
19:30:22.494 [main] INFO  testCases.TC002_LoginTest.testLogin(TC002_LoginTest.java:15)oggger - ***** Starting TC002_LoginTest ***** 
19:30:22.625 [main] INFO  testCases.TC002_LoginTest.testLogin(TC002_LoginTest.java:20)oggger - clicking on link account
19:30:23.142 [main] INFO  testCases.TC002_LoginTest.testLogin(TC002_LoginTest.java:22)oggger - clicking on link login
19:30:23.142 [main] INFO  testCases.TC002_LoginTest.testLogin(TC002_LoginTest.java:24)oggger - Providing user details
19:30:24.293 [main] INFO  testCases.TC002_LoginTest.testLogin(TC002_LoginTest.java:31)oggger - validating message
19:30:24.409 [main] INFO  testCases.TC002_LoginTest.testLogin(TC002_LoginTest.java:40)oggger - ***** Finished TC002_LoginTest ***** 
19:30:54.784 [main] DEBUG org.testng.log4testng.Logger.debug(Logger.java:82)oggger - suiteXmlPath: "C:\Users\priya\eclipse-workspace-new\OpenCartV121\grid-docker.xml"
19:30:55.184 [main] INFO  org.testng.log4testng.Logger.info(Logger.java:112)oggger - [TestNG] Running:
  C:\Users\priya\eclipse-workspace-new\OpenCartV121\grid-docker.xml

19:45:28.262 [main] DEBUG org.testng.log4testng.Logger.debug(Logger.java:82)oggger - suiteXmlPath: "C:\Users\priya\eclipse-workspace-new\OpenCartV121\grid-docker.xml"
19:45:28.948 [main] INFO  org.testng.log4testng.Logger.info(Logger.java:112)oggger - [TestNG] Running:
  C:\Users\priya\eclipse-workspace-new\OpenCartV121\grid-docker.xml

19:45:40.765 [main] INFO  testCases.TC001_AccountRegistrationTest.testAccountRegister(TC001_AccountRegistrationTest.java:24)oggger -  ***** Starting TC001_AccountRegistrationTest *****
19:45:40.986 [main] INFO  testCases.TC001_AccountRegistrationTest.testAccountRegister(TC001_AccountRegistrationTest.java:30)oggger - clicking on account link
19:45:41.659 [main] INFO  testCases.TC001_AccountRegistrationTest.testAccountRegister(TC001_AccountRegistrationTest.java:33)oggger - clicking on register link
19:45:41.662 [main] INFO  testCases.TC001_AccountRegistrationTest.testAccountRegister(TC001_AccountRegistrationTest.java:38)oggger - providing customer details 
19:45:43.468 [main] INFO  testCases.TC001_AccountRegistrationTest.testAccountRegister(TC001_AccountRegistrationTest.java:50)oggger - validating confirmation message 
19:45:43.616 [main] INFO  testCases.TC001_AccountRegistrationTest.testAccountRegister(TC001_AccountRegistrationTest.java:67)oggger -  ***** Finished TC001_AccountRegistrationTest *****
19:45:50.062 [main] INFO  testCases.TC002_LoginTest.testLogin(TC002_LoginTest.java:15)oggger - ***** Starting TC002_LoginTest ***** 
19:45:50.214 [main] INFO  testCases.TC002_LoginTest.testLogin(TC002_LoginTest.java:20)oggger - clicking on link account
19:45:50.570 [main] INFO  testCases.TC002_LoginTest.testLogin(TC002_LoginTest.java:22)oggger - clicking on link login
19:45:50.570 [main] INFO  testCases.TC002_LoginTest.testLogin(TC002_LoginTest.java:24)oggger - Providing user details
19:45:51.614 [main] INFO  testCases.TC002_LoginTest.testLogin(TC002_LoginTest.java:31)oggger - validating message
19:45:51.714 [main] INFO  testCases.TC002_LoginTest.testLogin(TC002_LoginTest.java:40)oggger - ***** Finished TC002_LoginTest ***** 
19:47:27.348 [main] DEBUG org.testng.log4testng.Logger.debug(Logger.java:82)oggger - suiteXmlPath: "C:\Users\priya\eclipse-workspace-new\OpenCartV121\grid-docker.xml"
19:47:27.961 [main] INFO  org.testng.log4testng.Logger.info(Logger.java:112)oggger - [TestNG] Running:
  C:\Users\priya\eclipse-workspace-new\OpenCartV121\grid-docker.xml

19:47:40.645 [main] INFO  testCases.TC001_AccountRegistrationTest.testAccountRegister(TC001_AccountRegistrationTest.java:24)oggger -  ***** Starting TC001_AccountRegistrationTest *****
19:47:40.853 [main] INFO  testCases.TC001_AccountRegistrationTest.testAccountRegister(TC001_AccountRegistrationTest.java:30)oggger - clicking on account link
19:47:41.708 [main] INFO  testCases.TC001_AccountRegistrationTest.testAccountRegister(TC001_AccountRegistrationTest.java:33)oggger - clicking on register link
19:47:41.712 [main] INFO  testCases.TC001_AccountRegistrationTest.testAccountRegister(TC001_AccountRegistrationTest.java:38)oggger - providing customer details 
19:47:43.072 [main] INFO  testCases.TC001_AccountRegistrationTest.testAccountRegister(TC001_AccountRegistrationTest.java:50)oggger - validating confirmation message 
19:47:43.137 [main] INFO  testCases.TC001_AccountRegistrationTest.testAccountRegister(TC001_AccountRegistrationTest.java:67)oggger -  ***** Finished TC001_AccountRegistrationTest *****
19:47:52.605 [main] INFO  testCases.TC002_LoginTest.testLogin(TC002_LoginTest.java:15)oggger - ***** Starting TC002_LoginTest ***** 
19:47:52.781 [main] INFO  testCases.TC002_LoginTest.testLogin(TC002_LoginTest.java:20)oggger - clicking on link account
19:47:53.148 [main] INFO  testCases.TC002_LoginTest.testLogin(TC002_LoginTest.java:22)oggger - clicking on link login
19:47:53.148 [main] INFO  testCases.TC002_LoginTest.testLogin(TC002_LoginTest.java:24)oggger - Providing user details
19:47:54.999 [main] INFO  testCases.TC002_LoginTest.testLogin(TC002_LoginTest.java:31)oggger - validating message
19:47:55.073 [main] INFO  testCases.TC002_LoginTest.testLogin(TC002_LoginTest.java:40)oggger - ***** Finished TC002_LoginTest ***** 
19:48:28.712 [main] DEBUG org.testng.log4testng.Logger.debug(Logger.java:82)oggger - suiteXmlPath: "C:\Users\priya\eclipse-workspace-new\OpenCartV121\grid-docker.xml"
19:48:28.993 [main] INFO  org.testng.log4testng.Logger.info(Logger.java:112)oggger - [TestNG] Running:
  C:\Users\priya\eclipse-workspace-new\OpenCartV121\grid-docker.xml

19:48:38.900 [main] INFO  testCases.TC001_AccountRegistrationTest.testAccountRegister(TC001_AccountRegistrationTest.java:24)oggger -  ***** Starting TC001_AccountRegistrationTest *****
19:48:39.161 [main] INFO  testCases.TC001_AccountRegistrationTest.testAccountRegister(TC001_AccountRegistrationTest.java:30)oggger - clicking on account link
19:48:39.863 [main] INFO  testCases.TC001_AccountRegistrationTest.testAccountRegister(TC001_AccountRegistrationTest.java:33)oggger - clicking on register link
19:48:39.866 [main] INFO  testCases.TC001_AccountRegistrationTest.testAccountRegister(TC001_AccountRegistrationTest.java:38)oggger - providing customer details 
19:48:41.696 [main] INFO  testCases.TC001_AccountRegistrationTest.testAccountRegister(TC001_AccountRegistrationTest.java:50)oggger - validating confirmation message 
19:48:41.797 [main] INFO  testCases.TC001_AccountRegistrationTest.testAccountRegister(TC001_AccountRegistrationTest.java:67)oggger -  ***** Finished TC001_AccountRegistrationTest *****
